{
  "RSpec": {
    "coverage": {
      "/Users/Valentina/Projects/makers/makers_projects/bookmark_manager/spec/setup_test_database.rb": {
        "lines": [
          1,
          null,
          1,
          5,
          5,
          5,
          null
        ]
      },
      "/Users/Valentina/Projects/makers/makers_projects/bookmark_manager/app.rb": {
        "lines": [
          1,
          1,
          1,
          null,
          1,
          1,
          0,
          null,
          null,
          1,
          1,
          null,
          null,
          1,
          1,
          null,
          null,
          1,
          1,
          1,
          null,
          null,
          1,
          2,
          2,
          2,
          null,
          null,
          null,
          1,
          null
        ]
      },
      "/Users/Valentina/Projects/makers/makers_projects/bookmark_manager/lib/bookmark.rb": {
        "lines": [
          1,
          null,
          1,
          null,
          1,
          4,
          4,
          null,
          0,
          null,
          null,
          4,
          12,
          null,
          null,
          1,
          2,
          2,
          null,
          0,
          null,
          null,
          2,
          null,
          null
        ]
      },
      "/Users/Valentina/Projects/makers/makers_projects/bookmark_manager/spec/bookmark_spec.rb": {
        "lines": [
          1,
          null,
          1,
          null,
          1,
          1,
          1,
          null,
          1,
          1,
          1,
          null,
          1,
          1,
          1,
          1,
          null,
          null,
          null,
          1,
          1,
          1,
          1,
          null,
          null,
          null,
          null
        ]
      },
      "/Users/Valentina/Projects/makers/makers_projects/bookmark_manager/spec/features/add_bookmarks_spec.rb": {
        "lines": [
          1,
          1,
          1,
          1,
          1,
          1,
          null,
          null
        ]
      },
      "/Users/Valentina/Projects/makers/makers_projects/bookmark_manager/spec/features/index_spec.rb": {
        "lines": [
          1,
          1,
          1,
          1,
          null,
          null
        ]
      },
      "/Users/Valentina/Projects/makers/makers_projects/bookmark_manager/spec/features/view_bookmarks_spec.rb": {
        "lines": [
          1,
          null,
          1,
          1,
          null,
          1,
          null,
          1,
          1,
          1,
          null,
          1,
          null,
          1,
          1,
          1,
          null,
          null
        ]
      }
    },
    "timestamp": 1647365924
  }
}
